<?xml version="1.0" encoding="UTF-8"?>
<testng-results skipped="0" failed="0" total="1" passed="1">
  <reporter-output>
  </reporter-output>
  <suite name="Default suite" duration-ms="5041" started-at="2018-10-16T13:50:26Z" finished-at="2018-10-16T13:50:31Z">
    <groups>
    </groups>
    <test name="Default test" duration-ms="5041" started-at="2018-10-16T13:50:26Z" finished-at="2018-10-16T13:50:31Z">
      <class name="com.cognitivescale.test.FacebookSingnUpTest">
        <test-method status="PASS" signature="launchApplication()[pri:0, instance:com.cognitivescale.test.FacebookSingnUpTest@3246fb96]" name="launchApplication" is-config="true" duration-ms="44" started-at="2018-10-16T19:20:26Z" finished-at="2018-10-16T19:20:26Z">
          <reporter-output>
          </reporter-output>
        </test-method> <!-- launchApplication -->
        <test-method status="PASS" signature="facebookSignUPForm()[pri:0, instance:com.cognitivescale.test.FacebookSingnUpTest@3246fb96]" name="facebookSignUPForm" duration-ms="4973" started-at="2018-10-16T19:20:26Z" finished-at="2018-10-16T19:20:31Z">
          <reporter-output>
          </reporter-output>
        </test-method> <!-- facebookSignUPForm -->
      </class> <!-- com.cognitivescale.test.FacebookSingnUpTest -->
    </test> <!-- Default test -->
  </suite> <!-- Default suite -->
</testng-results>
